"Task Aware Debugger for GDB" version 11.4.0 (202107011009)
(c) 2016-2021 NXP Semiconductors, Inc.
==================================
22:26:57.821 INFO: [TadModel] DSF session ID 2 has started.
22:27:02.297 INFO: [TadState] TAD state changed: DEBUG_STARTED -> DEBUG_INIT_0 (RESUMED, USER_REQUEST)
22:27:02.350 INFO: [TadState] TAD state changed: DEBUG_INIT_0 -> DEBUG_INIT_1 (SUSPENDED, SIGNAL)
22:27:03.168 INFO: [TadState] TAD state changed: DEBUG_INIT_1 -> DEBUG_SUSPENDED (RESUMED, USER_REQUEST)
22:27:03.279 INFO: [TadState] TAD state changed: DEBUG_SUSPENDED -> DEBUG_SUSPENDED (SUSPENDED, BREAKPOINT)
22:27:06.547 INFO: [TadState] TAD state changed: DEBUG_SUSPENDED -> DEBUG_RESUMED (RESUMED, USER_REQUEST)
22:27:06.637 INFO: [TadState] TAD state changed: DEBUG_RESUMED -> READY (SUSPENDED, BREAKPOINT)
22:27:09.255 INFO: [TadState] TAD state changed: READY -> DEBUG_RESUMED (RESUMED, USER_REQUEST)
22:27:12.323 INFO: [TadState] TAD state changed: DEBUG_RESUMED -> READY (SUSPENDED, BREAKPOINT)
22:27:15.672 INFO: [TadState] TAD state changed: READY -> DEBUG_RESUMED (RESUMED, USER_REQUEST)
22:27:16.921 INFO: [TadState] TAD state changed: DEBUG_RESUMED -> READY (SUSPENDED, BREAKPOINT)
22:27:18.989 INFO: [TadState] TAD state changed: READY -> DEBUG_RESUMED (RESUMED, USER_REQUEST)
22:27:34.900 INFO: [TadState] TAD state changed: DEBUG_RESUMED -> READY (SUSPENDED, BREAKPOINT)
22:27:37.139 INFO: [TadState] TAD state changed: READY -> DEBUG_RESUMED (RESUMED, USER_REQUEST)
22:27:41.974 INFO: [TadState] TAD state changed: DEBUG_RESUMED -> READY (SUSPENDED, BREAKPOINT)
22:27:46.206 INFO: [TadState] TAD state changed: READY -> DEBUG_RESUMED (RESUMED, STEP)
22:27:46.499 INFO: [TadState] TAD state changed: DEBUG_RESUMED -> READY (SUSPENDED, STEP)
22:27:46.772 INFO: [TadState] TAD state changed: READY -> DEBUG_RESUMED (RESUMED, STEP)
22:27:47.53 INFO: [TadState] TAD state changed: DEBUG_RESUMED -> READY (SUSPENDED, STEP)
22:27:47.85 INFO: [TadState] TAD state changed: READY -> DEBUG_RESUMED (RESUMED, STEP)
22:27:47.307 INFO: [TadState] TAD state changed: DEBUG_RESUMED -> READY (SUSPENDED, STEP)
22:27:47.416 INFO: [TadState] TAD state changed: READY -> DEBUG_RESUMED (RESUMED, STEP)
22:27:47.763 INFO: [TadState] TAD state changed: DEBUG_RESUMED -> READY (SUSPENDED, STEP)
22:27:47.799 INFO: [TadState] TAD state changed: READY -> DEBUG_RESUMED (RESUMED, STEP)
22:27:48.96 INFO: [TadState] TAD state changed: DEBUG_RESUMED -> READY (SUSPENDED, STEP)
22:27:48.147 INFO: [TadState] TAD state changed: READY -> DEBUG_RESUMED (RESUMED, STEP)
22:27:48.284 INFO: [TadState] TAD state changed: DEBUG_RESUMED -> READY (SUSPENDED, STEP)
22:27:48.322 INFO: [TadState] TAD state changed: READY -> DEBUG_RESUMED (RESUMED, STEP)
22:27:48.742 INFO: [TadState] TAD state changed: DEBUG_RESUMED -> READY (SUSPENDED, STEP)
22:27:56.371 INFO: [TadModel] DSF session ID 2 has ended.
